Using pre-set license
Built from '2020.3/staging' branch; Version is '2020.3.6f1 (338bb68529b2) revision 3378102'; Using compiler version '192528614'; Build Type 'Release'
OS: 'Windows 10 Pro for Workstations; OS build 19044.2130; Version 2009; 64bit' Language: 'en' Physical Memory: 32440 MB
BatchMode: 1, IsHumanControllingUs: 0, StartBugReporterOnCrash: 0, Is64bit: 1, IsPro: 0

 COMMAND LINE ARGUMENTS:
C:\Program Files\Unity\Hub\Editor\2020.3.6f1\Editor\Unity.exe
-adb2
-batchMode
-noUpm
-name
AssetImportWorker0
-projectPath
C:/cygwin64/home/ilda-vive/henrylapassat/TERL3
-logFile
Logs/AssetImportWorker0.log
-srvPort
64134
Successfully changed project path to: C:/cygwin64/home/ilda-vive/henrylapassat/TERL3
C:/cygwin64/home/ilda-vive/henrylapassat/TERL3
Using Asset Import Pipeline V2.
Refreshing native plugins compatible for Editor in 78.15 ms, found 11 plugins.
Preloading 0 native plugins for Editor in 0.00 ms.
Initialize engine version: 2020.3.6f1 (338bb68529b2)
[Subsystems] Discovering subsystems at path C:/Program Files/Unity/Hub/Editor/2020.3.6f1/Editor/Data/Resources/UnitySubsystems
[Subsystems] Discovering subsystems at path C:/cygwin64/home/ilda-vive/henrylapassat/TERL3/Assets
GfxDevice: creating device client; threaded=0
Direct3D:
    Version:  Direct3D 11.0 [level 11.1]
    Renderer: NVIDIA Quadro P2000 (ID=0x1c30)
    Vendor:   
    VRAM:     5032 MB
    Driver:   30.0.15.1215
Initialize mono
Mono path[0] = 'C:/Program Files/Unity/Hub/Editor/2020.3.6f1/Editor/Data/Managed'
Mono path[1] = 'C:/Program Files/Unity/Hub/Editor/2020.3.6f1/Editor/Data/MonoBleedingEdge/lib/mono/unityjit'
Mono config path = 'C:/Program Files/Unity/Hub/Editor/2020.3.6f1/Editor/Data/MonoBleedingEdge/etc'
Using monoOptions --debugger-agent=transport=dt_socket,embedding=1,server=y,suspend=n,address=127.0.0.1:56248
Begin MonoManager ReloadAssembly
Registering precompiled unity dll's ...
Register platform support module: C:/Program Files/Unity/Hub/Editor/2020.3.6f1/Editor/Data/PlaybackEngines/WindowsStandaloneSupport/UnityEditor.WindowsStandalone.Extensions.dll
Registered in 0.002155 seconds.
Native extension for WindowsStandalone target not found
Refreshing native plugins compatible for Editor in 55.06 ms, found 11 plugins.
Preloading 0 native plugins for Editor in 0.00 ms.
Mono: successfully reloaded assembly
- Completed reload, in  2.116 seconds
Platform modules already initialized, skipping
Registering precompiled user dll's ...
Registered in 0.015925 seconds.
Begin MonoManager ReloadAssembly
Native extension for WindowsStandalone target not found
Refreshing native plugins compatible for Editor in 1.28 ms, found 11 plugins.
Preloading 0 native plugins for Editor in 0.00 ms.
Mono: successfully reloaded assembly
- Completed reload, in  1.091 seconds
Platform modules already initialized, skipping
========================================================================
Worker process is ready to serve import requests
Launched and connected shader compiler UnityShaderCompiler.exe after 0.04 seconds
Refreshing native plugins compatible for Editor in 1.10 ms, found 11 plugins.
Preloading 0 native plugins for Editor in 0.00 ms.
Unloading 2016 Unused Serialized files (Serialized files now loaded: 0)
System memory in use before: 101.6 MB.
System memory in use after: 101.7 MB.

Unloading 77 unused Assets to reduce memory usage. Loaded Objects now: 2455.
Total: 2.487500 ms (FindLiveObjects: 0.275100 ms CreateObjectMapping: 0.058900 ms MarkObjects: 2.046700 ms  DeleteObjects: 0.104900 ms)

========================================================================
Received Import Request.
  path: Assets/Prefabs/DixitImage Variant.prefab
  artifactKey: Guid(15fa58dff39380f4098b3a22d033a1d4) Importer(815301076,1909f56bfc062723c751e8b465ee728b)
Start importing Assets/Prefabs/DixitImage Variant.prefab using Guid(15fa58dff39380f4098b3a22d033a1d4) Importer(815301076,1909f56bfc062723c751e8b465ee728b)  -> (artifact id: 'c0d0c7d336404df82aaecb36724acdd7') in 0.129376 seconds
  Import took 0.133215 seconds .

========================================================================
Received Import Request.
  Time since last request: 28.683816 seconds.
  path: Assets/Prefabs/DixitImage Variant.prefab
  artifactKey: Guid(15fa58dff39380f4098b3a22d033a1d4) Importer(815301076,1909f56bfc062723c751e8b465ee728b)
Start importing Assets/Prefabs/DixitImage Variant.prefab using Guid(15fa58dff39380f4098b3a22d033a1d4) Importer(815301076,1909f56bfc062723c751e8b465ee728b)  -> (artifact id: '3d78b154cdc7ef6c326f962247521cac') in 0.009406 seconds
  Import took 0.013493 seconds .

========================================================================
Received Import Request.
  Time since last request: 2.385988 seconds.
  path: Assets/Prefabs/DixitImage Variant.prefab
  artifactKey: Guid(15fa58dff39380f4098b3a22d033a1d4) Importer(815301076,1909f56bfc062723c751e8b465ee728b)
Start importing Assets/Prefabs/DixitImage Variant.prefab using Guid(15fa58dff39380f4098b3a22d033a1d4) Importer(815301076,1909f56bfc062723c751e8b465ee728b)  -> (artifact id: '81cb2b0e82e4e8ef4eb0d04adbbfc862') in 0.008285 seconds
  Import took 0.012549 seconds .

========================================================================
Received Import Request.
  Time since last request: 5.283156 seconds.
  path: Assets/Prefabs/DixitImage Variant.prefab
  artifactKey: Guid(15fa58dff39380f4098b3a22d033a1d4) Importer(815301076,1909f56bfc062723c751e8b465ee728b)
Start importing Assets/Prefabs/DixitImage Variant.prefab using Guid(15fa58dff39380f4098b3a22d033a1d4) Importer(815301076,1909f56bfc062723c751e8b465ee728b)  -> (artifact id: '5fe2da43194617d96fe6d2fdf0313025') in 0.021518 seconds
  Import took 0.025374 seconds .

AssetImportWorkerClient::OnTransportError - code=2 error=End of file
