Using pre-set license
Built from '2020.3/staging' branch; Version is '2020.3.6f1 (338bb68529b2) revision 3378102'; Using compiler version '192528614'; Build Type 'Release'
OS: 'Windows 10 Pro for Workstations; OS build 19044.2130; Version 2009; 64bit' Language: 'en' Physical Memory: 32440 MB
BatchMode: 1, IsHumanControllingUs: 0, StartBugReporterOnCrash: 0, Is64bit: 1, IsPro: 0

 COMMAND LINE ARGUMENTS:
C:\Program Files\Unity\Hub\Editor\2020.3.6f1\Editor\Unity.exe
-adb2
-batchMode
-noUpm
-name
AssetImportWorker0
-projectPath
C:/cygwin64/home/ilda-vive/henrylapassat/TERMag3
-logFile
Logs/AssetImportWorker0.log
-srvPort
63311
Successfully changed project path to: C:/cygwin64/home/ilda-vive/henrylapassat/TERMag3
C:/cygwin64/home/ilda-vive/henrylapassat/TERMag3
Using Asset Import Pipeline V2.
Refreshing native plugins compatible for Editor in 79.66 ms, found 11 plugins.
Preloading 0 native plugins for Editor in 0.00 ms.
Initialize engine version: 2020.3.6f1 (338bb68529b2)
[Subsystems] Discovering subsystems at path C:/Program Files/Unity/Hub/Editor/2020.3.6f1/Editor/Data/Resources/UnitySubsystems
[Subsystems] Discovering subsystems at path C:/cygwin64/home/ilda-vive/henrylapassat/TERMag3/Assets
GfxDevice: creating device client; threaded=0
Direct3D:
    Version:  Direct3D 11.0 [level 11.1]
    Renderer: NVIDIA Quadro P2000 (ID=0x1c30)
    Vendor:   
    VRAM:     5032 MB
    Driver:   30.0.15.1215
Initialize mono
Mono path[0] = 'C:/Program Files/Unity/Hub/Editor/2020.3.6f1/Editor/Data/Managed'
Mono path[1] = 'C:/Program Files/Unity/Hub/Editor/2020.3.6f1/Editor/Data/MonoBleedingEdge/lib/mono/unityjit'
Mono config path = 'C:/Program Files/Unity/Hub/Editor/2020.3.6f1/Editor/Data/MonoBleedingEdge/etc'
Using monoOptions --debugger-agent=transport=dt_socket,embedding=1,server=y,suspend=n,address=127.0.0.1:56996
Begin MonoManager ReloadAssembly
Registering precompiled unity dll's ...
Register platform support module: C:/Program Files/Unity/Hub/Editor/2020.3.6f1/Editor/Data/PlaybackEngines/WindowsStandaloneSupport/UnityEditor.WindowsStandalone.Extensions.dll
Registered in 0.002003 seconds.
Native extension for WindowsStandalone target not found
Refreshing native plugins compatible for Editor in 51.93 ms, found 11 plugins.
Preloading 0 native plugins for Editor in 0.00 ms.
Mono: successfully reloaded assembly
- Completed reload, in  2.109 seconds
Platform modules already initialized, skipping
Registering precompiled user dll's ...
Registered in 0.016016 seconds.
Begin MonoManager ReloadAssembly
Native extension for WindowsStandalone target not found
Refreshing native plugins compatible for Editor in 1.54 ms, found 11 plugins.
Preloading 0 native plugins for Editor in 0.00 ms.
Mono: successfully reloaded assembly
- Completed reload, in  1.183 seconds
Platform modules already initialized, skipping
========================================================================
Worker process is ready to serve import requests
Launched and connected shader compiler UnityShaderCompiler.exe after 0.05 seconds
Refreshing native plugins compatible for Editor in 1.23 ms, found 11 plugins.
Preloading 0 native plugins for Editor in 0.00 ms.
Unloading 2016 Unused Serialized files (Serialized files now loaded: 0)
System memory in use before: 101.6 MB.
System memory in use after: 101.6 MB.

Unloading 77 unused Assets to reduce memory usage. Loaded Objects now: 2455.
Total: 2.766800 ms (FindLiveObjects: 0.399500 ms CreateObjectMapping: 0.216600 ms MarkObjects: 2.049500 ms  DeleteObjects: 0.099800 ms)

========================================================================
Received Import Request.
  path: Assets/Resources/Network Operator.prefab
  artifactKey: Guid(7582d6e49b303e446b1af8d6ce24b258) Importer(815301076,1909f56bfc062723c751e8b465ee728b)
Start importing Assets/Resources/Network Operator.prefab using Guid(7582d6e49b303e446b1af8d6ce24b258) Importer(815301076,1909f56bfc062723c751e8b465ee728b)  -> (artifact id: 'f9072af42e07f2d6cd73412962920c34') in 0.052245 seconds
  Import took 0.056869 seconds .

========================================================================
Received Prepare
Registering precompiled user dll's ...
Registered in 0.014358 seconds.
Begin MonoManager ReloadAssembly
Native extension for WindowsStandalone target not found
Refreshing native plugins compatible for Editor in 1.08 ms, found 11 plugins.
Preloading 0 native plugins for Editor in 0.00 ms.
Mono: successfully reloaded assembly
- Completed reload, in  1.035 seconds
Platform modules already initialized, skipping
Refreshing native plugins compatible for Editor in 1.11 ms, found 11 plugins.
Preloading 0 native plugins for Editor in 0.00 ms.
Unloading 1983 Unused Serialized files (Serialized files now loaded: 0)
System memory in use before: 99.3 MB.
System memory in use after: 99.5 MB.

Unloading 71 unused Assets to reduce memory usage. Loaded Objects now: 2460.
Total: 2.403000 ms (FindLiveObjects: 0.255700 ms CreateObjectMapping: 0.060600 ms MarkObjects: 2.049600 ms  DeleteObjects: 0.036100 ms)

========================================================================
Received Prepare
Registering precompiled user dll's ...
Registered in 0.013713 seconds.
Begin MonoManager ReloadAssembly
Native extension for WindowsStandalone target not found
Refreshing native plugins compatible for Editor in 1.10 ms, found 11 plugins.
Preloading 0 native plugins for Editor in 0.00 ms.
Mono: successfully reloaded assembly
- Completed reload, in  1.022 seconds
Platform modules already initialized, skipping
Refreshing native plugins compatible for Editor in 1.69 ms, found 11 plugins.
Preloading 0 native plugins for Editor in 0.00 ms.
Unloading 1983 Unused Serialized files (Serialized files now loaded: 0)
System memory in use before: 99.5 MB.
System memory in use after: 99.6 MB.

Unloading 71 unused Assets to reduce memory usage. Loaded Objects now: 2465.
Total: 3.010800 ms (FindLiveObjects: 0.296700 ms CreateObjectMapping: 0.070700 ms MarkObjects: 2.506200 ms  DeleteObjects: 0.135300 ms)

========================================================================
Received Prepare
Registering precompiled user dll's ...
Registered in 0.013416 seconds.
Begin MonoManager ReloadAssembly
Native extension for WindowsStandalone target not found
Refreshing native plugins compatible for Editor in 1.21 ms, found 11 plugins.
Preloading 0 native plugins for Editor in 0.00 ms.
Mono: successfully reloaded assembly
- Completed reload, in  0.987 seconds
Platform modules already initialized, skipping
Refreshing native plugins compatible for Editor in 1.09 ms, found 11 plugins.
Preloading 0 native plugins for Editor in 0.00 ms.
Unloading 1983 Unused Serialized files (Serialized files now loaded: 0)
System memory in use before: 99.4 MB.
System memory in use after: 99.5 MB.

Unloading 71 unused Assets to reduce memory usage. Loaded Objects now: 2470.
Total: 2.345700 ms (FindLiveObjects: 0.288200 ms CreateObjectMapping: 0.059200 ms MarkObjects: 1.960500 ms  DeleteObjects: 0.036700 ms)

========================================================================
Received Import Request.
  Time since last request: 524.660852 seconds.
  path: Assets/Resources/Network Operator.prefab
  artifactKey: Guid(7582d6e49b303e446b1af8d6ce24b258) Importer(815301076,1909f56bfc062723c751e8b465ee728b)
Start importing Assets/Resources/Network Operator.prefab using Guid(7582d6e49b303e446b1af8d6ce24b258) Importer(815301076,1909f56bfc062723c751e8b465ee728b)  -> (artifact id: '8bad9faa0373be6d11252432ac1ef005') in 0.035174 seconds
  Import took 0.039601 seconds .

========================================================================
Received Import Request.
  Time since last request: 8.835506 seconds.
  path: Assets/Resources/Network Operator.prefab
  artifactKey: Guid(7582d6e49b303e446b1af8d6ce24b258) Importer(815301076,1909f56bfc062723c751e8b465ee728b)
Start importing Assets/Resources/Network Operator.prefab using Guid(7582d6e49b303e446b1af8d6ce24b258) Importer(815301076,1909f56bfc062723c751e8b465ee728b)  -> (artifact id: 'eb6484bec1045aeb46940e0d5aba4c12') in 0.004271 seconds
  Import took 0.008193 seconds .

========================================================================
Received Import Request.
  Time since last request: 16.669749 seconds.
  path: Assets/Resources/Network Operator.prefab
  artifactKey: Guid(7582d6e49b303e446b1af8d6ce24b258) Importer(815301076,1909f56bfc062723c751e8b465ee728b)
Start importing Assets/Resources/Network Operator.prefab using Guid(7582d6e49b303e446b1af8d6ce24b258) Importer(815301076,1909f56bfc062723c751e8b465ee728b)  -> (artifact id: 'cca7ab0044e382c4ac861743757eabba') in 0.004781 seconds
  Import took 0.008418 seconds .

========================================================================
Received Import Request.
  Time since last request: 0.849964 seconds.
  path: Assets/Resources/Network Operator.prefab
  artifactKey: Guid(7582d6e49b303e446b1af8d6ce24b258) Importer(815301076,1909f56bfc062723c751e8b465ee728b)
Start importing Assets/Resources/Network Operator.prefab using Guid(7582d6e49b303e446b1af8d6ce24b258) Importer(815301076,1909f56bfc062723c751e8b465ee728b)  -> (artifact id: '1057965e4e34759ba4b8688e13f9bcff') in 0.004928 seconds
  Import took 0.008930 seconds .

========================================================================
Received Prepare
Registering precompiled user dll's ...
Registered in 0.013275 seconds.
Begin MonoManager ReloadAssembly
Native extension for WindowsStandalone target not found
Refreshing native plugins compatible for Editor in 1.10 ms, found 11 plugins.
Preloading 0 native plugins for Editor in 0.00 ms.
Mono: successfully reloaded assembly
- Completed reload, in  1.011 seconds
Platform modules already initialized, skipping
Refreshing native plugins compatible for Editor in 1.07 ms, found 11 plugins.
Preloading 0 native plugins for Editor in 0.00 ms.
Unloading 1983 Unused Serialized files (Serialized files now loaded: 0)
System memory in use before: 99.6 MB.
System memory in use after: 99.7 MB.

Unloading 71 unused Assets to reduce memory usage. Loaded Objects now: 2475.
Total: 2.574200 ms (FindLiveObjects: 0.265900 ms CreateObjectMapping: 0.078500 ms MarkObjects: 2.188800 ms  DeleteObjects: 0.040000 ms)

========================================================================
Received Prepare
Registering precompiled user dll's ...
Registered in 0.013032 seconds.
Begin MonoManager ReloadAssembly
Native extension for WindowsStandalone target not found
Refreshing native plugins compatible for Editor in 1.39 ms, found 11 plugins.
Preloading 0 native plugins for Editor in 0.00 ms.
Mono: successfully reloaded assembly
- Completed reload, in  0.981 seconds
Platform modules already initialized, skipping
Refreshing native plugins compatible for Editor in 1.17 ms, found 11 plugins.
Preloading 0 native plugins for Editor in 0.00 ms.
Unloading 1983 Unused Serialized files (Serialized files now loaded: 0)
System memory in use before: 99.6 MB.
System memory in use after: 99.7 MB.

Unloading 71 unused Assets to reduce memory usage. Loaded Objects now: 2480.
Total: 2.486200 ms (FindLiveObjects: 0.274100 ms CreateObjectMapping: 0.054700 ms MarkObjects: 2.115100 ms  DeleteObjects: 0.040700 ms)

========================================================================
Received Import Request.
  Time since last request: 62.771296 seconds.
  path: Assets/Resources/Network Operator.prefab
  artifactKey: Guid(7582d6e49b303e446b1af8d6ce24b258) Importer(815301076,1909f56bfc062723c751e8b465ee728b)
Start importing Assets/Resources/Network Operator.prefab using Guid(7582d6e49b303e446b1af8d6ce24b258) Importer(815301076,1909f56bfc062723c751e8b465ee728b)  -> (artifact id: 'c9905db5aba6e635828626b734bf7dfe') in 0.031101 seconds
  Import took 0.035133 seconds .

========================================================================
Received Prepare
Registering precompiled user dll's ...
Registered in 0.014233 seconds.
Begin MonoManager ReloadAssembly
Native extension for WindowsStandalone target not found
Refreshing native plugins compatible for Editor in 1.15 ms, found 11 plugins.
Preloading 0 native plugins for Editor in 0.00 ms.
Mono: successfully reloaded assembly
- Completed reload, in  1.000 seconds
Platform modules already initialized, skipping
Refreshing native plugins compatible for Editor in 1.11 ms, found 11 plugins.
Preloading 0 native plugins for Editor in 0.00 ms.
Unloading 1983 Unused Serialized files (Serialized files now loaded: 0)
System memory in use before: 99.5 MB.
System memory in use after: 99.6 MB.

Unloading 71 unused Assets to reduce memory usage. Loaded Objects now: 2485.
Total: 2.528900 ms (FindLiveObjects: 0.327800 ms CreateObjectMapping: 0.050900 ms MarkObjects: 2.110500 ms  DeleteObjects: 0.037900 ms)

========================================================================
Received Prepare
Registering precompiled user dll's ...
Registered in 0.014110 seconds.
Begin MonoManager ReloadAssembly
Native extension for WindowsStandalone target not found
Refreshing native plugins compatible for Editor in 1.60 ms, found 11 plugins.
Preloading 0 native plugins for Editor in 0.00 ms.
Mono: successfully reloaded assembly
- Completed reload, in  0.990 seconds
Platform modules already initialized, skipping
Refreshing native plugins compatible for Editor in 1.08 ms, found 11 plugins.
Preloading 0 native plugins for Editor in 0.00 ms.
Unloading 1983 Unused Serialized files (Serialized files now loaded: 0)
System memory in use before: 99.7 MB.
System memory in use after: 99.8 MB.

Unloading 71 unused Assets to reduce memory usage. Loaded Objects now: 2490.
Total: 2.673100 ms (FindLiveObjects: 0.272200 ms CreateObjectMapping: 0.058300 ms MarkObjects: 2.301300 ms  DeleteObjects: 0.039500 ms)

========================================================================
Received Prepare
Registering precompiled user dll's ...
Registered in 0.015057 seconds.
Begin MonoManager ReloadAssembly
Native extension for WindowsStandalone target not found
Refreshing native plugins compatible for Editor in 1.12 ms, found 11 plugins.
Preloading 0 native plugins for Editor in 0.00 ms.
Mono: successfully reloaded assembly
- Completed reload, in  0.983 seconds
Platform modules already initialized, skipping
Refreshing native plugins compatible for Editor in 1.24 ms, found 11 plugins.
Preloading 0 native plugins for Editor in 0.00 ms.
Unloading 1983 Unused Serialized files (Serialized files now loaded: 0)
System memory in use before: 99.5 MB.
System memory in use after: 99.6 MB.

Unloading 71 unused Assets to reduce memory usage. Loaded Objects now: 2495.
Total: 2.376200 ms (FindLiveObjects: 0.260900 ms CreateObjectMapping: 0.060400 ms MarkObjects: 2.016700 ms  DeleteObjects: 0.037200 ms)

========================================================================
Received Prepare
Registering precompiled user dll's ...
Registered in 0.013362 seconds.
Begin MonoManager ReloadAssembly
Native extension for WindowsStandalone target not found
Refreshing native plugins compatible for Editor in 1.99 ms, found 11 plugins.
Preloading 0 native plugins for Editor in 0.00 ms.
Mono: successfully reloaded assembly
- Completed reload, in  1.011 seconds
Platform modules already initialized, skipping
Refreshing native plugins compatible for Editor in 1.26 ms, found 11 plugins.
Preloading 0 native plugins for Editor in 0.00 ms.
Unloading 1983 Unused Serialized files (Serialized files now loaded: 0)
System memory in use before: 99.6 MB.
System memory in use after: 99.7 MB.

Unloading 71 unused Assets to reduce memory usage. Loaded Objects now: 2500.
Total: 2.543600 ms (FindLiveObjects: 0.274700 ms CreateObjectMapping: 0.062200 ms MarkObjects: 2.161100 ms  DeleteObjects: 0.044600 ms)

========================================================================
Received Prepare
Registering precompiled user dll's ...
Registered in 0.042175 seconds.
Begin MonoManager ReloadAssembly
Native extension for WindowsStandalone target not found
Refreshing native plugins compatible for Editor in 1.12 ms, found 11 plugins.
Preloading 0 native plugins for Editor in 0.00 ms.
Mono: successfully reloaded assembly
- Completed reload, in  1.002 seconds
Platform modules already initialized, skipping
Refreshing native plugins compatible for Editor in 1.09 ms, found 11 plugins.
Preloading 0 native plugins for Editor in 0.00 ms.
Unloading 1983 Unused Serialized files (Serialized files now loaded: 0)
System memory in use before: 99.8 MB.
System memory in use after: 99.9 MB.

Unloading 71 unused Assets to reduce memory usage. Loaded Objects now: 2505.
Total: 2.590800 ms (FindLiveObjects: 0.298900 ms CreateObjectMapping: 0.097500 ms MarkObjects: 2.152800 ms  DeleteObjects: 0.039400 ms)

========================================================================
Received Import Request.
  Time since last request: 2159.676768 seconds.
  path: Assets/Resources/Network Operator.prefab
  artifactKey: Guid(7582d6e49b303e446b1af8d6ce24b258) Importer(815301076,1909f56bfc062723c751e8b465ee728b)
Start importing Assets/Resources/Network Operator.prefab using Guid(7582d6e49b303e446b1af8d6ce24b258) Importer(815301076,1909f56bfc062723c751e8b465ee728b)  -> (artifact id: '9773077c65ea1317db172a0c76bd688b') in 0.034937 seconds
  Import took 0.039138 seconds .

========================================================================
Received Prepare
Registering precompiled user dll's ...
Registered in 0.014592 seconds.
Begin MonoManager ReloadAssembly
Native extension for WindowsStandalone target not found
Refreshing native plugins compatible for Editor in 1.08 ms, found 11 plugins.
Preloading 0 native plugins for Editor in 0.00 ms.
Mono: successfully reloaded assembly
- Completed reload, in  1.008 seconds
Platform modules already initialized, skipping
Refreshing native plugins compatible for Editor in 1.07 ms, found 11 plugins.
Preloading 0 native plugins for Editor in 0.00 ms.
Unloading 1983 Unused Serialized files (Serialized files now loaded: 0)
System memory in use before: 99.6 MB.
System memory in use after: 99.8 MB.

Unloading 71 unused Assets to reduce memory usage. Loaded Objects now: 2510.
Total: 2.546100 ms (FindLiveObjects: 0.304200 ms CreateObjectMapping: 0.070900 ms MarkObjects: 2.130700 ms  DeleteObjects: 0.038600 ms)

========================================================================
Received Prepare
Registering precompiled user dll's ...
Registered in 0.013324 seconds.
Begin MonoManager ReloadAssembly
Native extension for WindowsStandalone target not found
Refreshing native plugins compatible for Editor in 1.19 ms, found 11 plugins.
Preloading 0 native plugins for Editor in 0.00 ms.
Mono: successfully reloaded assembly
- Completed reload, in  0.992 seconds
Platform modules already initialized, skipping
Refreshing native plugins compatible for Editor in 1.13 ms, found 11 plugins.
Preloading 0 native plugins for Editor in 0.00 ms.
Unloading 1983 Unused Serialized files (Serialized files now loaded: 0)
System memory in use before: 99.7 MB.
System memory in use after: 99.8 MB.

Unloading 71 unused Assets to reduce memory usage. Loaded Objects now: 2515.
Total: 2.424600 ms (FindLiveObjects: 0.259800 ms CreateObjectMapping: 0.050200 ms MarkObjects: 2.071400 ms  DeleteObjects: 0.041800 ms)

========================================================================
Received Prepare
Registering precompiled user dll's ...
Registered in 0.013863 seconds.
Begin MonoManager ReloadAssembly
Native extension for WindowsStandalone target not found
Refreshing native plugins compatible for Editor in 1.22 ms, found 11 plugins.
Preloading 0 native plugins for Editor in 0.00 ms.
Mono: successfully reloaded assembly
- Completed reload, in  1.188 seconds
Platform modules already initialized, skipping
Refreshing native plugins compatible for Editor in 1.17 ms, found 11 plugins.
Preloading 0 native plugins for Editor in 0.00 ms.
Unloading 1983 Unused Serialized files (Serialized files now loaded: 0)
System memory in use before: 99.6 MB.
System memory in use after: 99.7 MB.

Unloading 71 unused Assets to reduce memory usage. Loaded Objects now: 2520.
Total: 2.782700 ms (FindLiveObjects: 0.331500 ms CreateObjectMapping: 0.074100 ms MarkObjects: 2.335000 ms  DeleteObjects: 0.039900 ms)

========================================================================
Received Import Request.
  Time since last request: 1155.181509 seconds.
  path: Assets/Resources/Network Operator.prefab
  artifactKey: Guid(7582d6e49b303e446b1af8d6ce24b258) Importer(815301076,1909f56bfc062723c751e8b465ee728b)
Start importing Assets/Resources/Network Operator.prefab using Guid(7582d6e49b303e446b1af8d6ce24b258) Importer(815301076,1909f56bfc062723c751e8b465ee728b)  -> (artifact id: 'aedb82668762c7d167ac00fb173e9681') in 0.029551 seconds
  Import took 0.033236 seconds .

========================================================================
Received Prepare
Registering precompiled user dll's ...
Registered in 0.013207 seconds.
Begin MonoManager ReloadAssembly
Native extension for WindowsStandalone target not found
Refreshing native plugins compatible for Editor in 1.38 ms, found 11 plugins.
Preloading 0 native plugins for Editor in 0.00 ms.
Mono: successfully reloaded assembly
- Completed reload, in  0.985 seconds
Platform modules already initialized, skipping
Refreshing native plugins compatible for Editor in 1.12 ms, found 11 plugins.
Preloading 0 native plugins for Editor in 0.00 ms.
Unloading 1983 Unused Serialized files (Serialized files now loaded: 0)
System memory in use before: 99.4 MB.
System memory in use after: 99.6 MB.

Unloading 71 unused Assets to reduce memory usage. Loaded Objects now: 2525.
Total: 2.626100 ms (FindLiveObjects: 0.315300 ms CreateObjectMapping: 0.080200 ms MarkObjects: 2.191000 ms  DeleteObjects: 0.038000 ms)

AssetImportWorkerClient::OnTransportError - code=2 error=End of file
